1522334214609	geckodriver	INFO	geckodriver 0.20.0
1522334214625	geckodriver	INFO	Listening on 127.0.0.1:65491
1522334217599	mozrunner::runner	INFO	Running command: "C:\\Program Files\\Mozilla Firefox\\firefox.exe" "-marionette" "-profile" "C:\\Users\\dzmitryi\\AppData\\Local\\Temp\\rust_mozprofile.xeI7YOQ2WsBy"
Unable to read VR Path Registry from C:\Users\dzmitryi\AppData\Local\openvr\openvrpaths.vrpath
1522334218316	Marionette	INFO	Enabled via --marionette
Unable to read VR Path Registry from C:\Users\dzmitryi\AppData\Local\openvr\openvrpaths.vrpath
Unable to read VR Path Registry from C:\Users\dzmitryi\AppData\Local\openvr\openvrpaths.vrpath
Unable to read VR Path Registry from C:\Users\dzmitryi\AppData\Local\openvr\openvrpaths.vrpath
1522334219722	Marionette	INFO	Listening on port 65500
Unable to read VR Path Registry from C:\Users\dzmitryi\AppData\Local\openvr\openvrpaths.vrpath
1522334220764	Marionette	WARN	TLS certificate errors will be ignored for this session
JavaScript warning: http://ajax.googleapis.com/ajax/libs/jquery/2.0.0/jquery.min.js, line 1: Using //@ to indicate sourceMappingURL pragmas is deprecated. Use //# instead
JavaScript warning: http://ajax.googleapis.com/ajax/libs/jquery/2.0.0/jquery.min.js, line 1: Using //@ to indicate sourceMappingURL pragmas is deprecated. Use //# instead
JavaScript warning: http://ajax.googleapis.com/ajax/libs/jquery/2.0.0/jquery.min.js, line 1: Using //@ to indicate sourceMappingURL pragmas is deprecated. Use //# instead
[Parent 10908, Gecko_IOThread] WARNING: pipe error: 109: file z:/build/build/src/ipc/chromium/src/chrome/common/ipc_channel_win.cc, line 346
[Parent 10908, Gecko_IOThread] WARNING: pipe error: 109: file z:/build/build/src/ipc/chromium/src/chrome/common/ipc_channel_win.cc, line 346
[Child 11188, Chrome_ChildThread] WARNING: pipe error: 109: file z:/build/build/src/ipc/chromium/src/chrome/common/ipc_channel_win.cc, line 346
[Child 11188, Chrome_ChildThread] WARNING: pipe err[Parent 10908, Gecko_IOThread] WARNING: pipe error: 109: file z:/build/build/src/ipc/chromium/src/chrome/common/ipc_channel_win.cc, line 346
[Child 18532, Chrome_ChildThread] WARNING: pipe error: 109: file z:/build/build/src/ipc/chromium/src/chrome/common/ipc_channel_win.cc, line 346
[Child 18532, Ch*** UTM:SVC TimerManager:registerTimer called after profile-before-change notification. Ignoring timer registration for id: telemetry_modules_ping

###!!! [Child][MessageChannel::SendAndWait] Error: Channel error: cannot send/recv

1522334226467	geckodriver::marionette	ERROR	Failed to stop browser process
